<?xml version="1.0" encoding="UTF-8"?>
<!-- Generated by org.testng.reporters.JUnitXMLReporter -->
<testsuite hostname="Acer-PC" ignored="0" name="Practice Grouping" tests="5" failures="0" timestamp="09 Jul 2017 06:00:57 GMT" time="0.186" errors="0">
  <testcase name="Car1" time="0.04" classname="testNGgk.TC04"/>
  <testcase name="Car2" time="0.008" classname="testNGgk.TC04"/>
  <testcase name="Scooter1" time="0.004" classname="testNGgk.TC04"/>
  <testcase name="Scooter2" time="0.005" classname="testNGgk.TC04"/>
  <testcase name="Sedan1" time="0.005" classname="testNGgk.TC04"/>
</testsuite> <!-- Practice Grouping -->
