<?xml version="1.0" encoding="UTF-8"?>
<!-- Generated by org.testng.reporters.JUnitXMLReporter -->
<testsuite hostname="Acer-PC" ignored="10" name="regression" tests="4" failures="0" timestamp="09 Jul 2017 05:17:46 GMT" time="0.179" errors="0">
  <testcase name="test1" time="0.032" classname="testNGgk.TC01"/>
  <testcase name="test2" time="0.016" classname="testNGgk.TC01"/>
  <testcase name="test5" time="0.0" classname="testNGgk.TC03"/>
  <testcase name="test6" time="0.0" classname="testNGgk.TC03"/>
  <testcase name="test3" time="0.0" classname="testNGgk.TC01">
    <ignored/>
  </testcase> <!-- test3 -->
  <testcase name="test4" time="0.0" classname="testNGgk.TC01">
    <ignored/>
  </testcase> <!-- test4 -->
  <testcase name="@BeforeSuite befores" time="0.0" classname="testNGgk.TC02">
    <ignored/>
  </testcase> <!-- @BeforeSuite befores -->
  <testcase name="@BeforeSuite befores" time="0.0" classname="testNGgk.TC02">
    <ignored/>
  </testcase> <!-- @BeforeSuite befores -->
  <testcase name="@BeforeTest beforet" time="0.0" classname="testNGgk.TC02">
    <ignored/>
  </testcase> <!-- @BeforeTest beforet -->
  <testcase name="@BeforeTest beforet" time="0.0" classname="testNGgk.TC02">
    <ignored/>
  </testcase> <!-- @BeforeTest beforet -->
  <testcase name="@AfterSuite afters" time="0.0" classname="testNGgk.TC02">
    <ignored/>
  </testcase> <!-- @AfterSuite afters -->
  <testcase name="@AfterSuite afters" time="0.0" classname="testNGgk.TC02">
    <ignored/>
  </testcase> <!-- @AfterSuite afters -->
  <testcase name="@AfterTest aftert" time="0.0" classname="testNGgk.TC02">
    <ignored/>
  </testcase> <!-- @AfterTest aftert -->
  <testcase name="@AfterTest aftert" time="0.0" classname="testNGgk.TC02">
    <ignored/>
  </testcase> <!-- @AfterTest aftert -->
</testsuite> <!-- regression -->
